Using pre-set license
Built from 'trunk' branch; Version is '2021.2.0b1 (b0978dae4864) revision 11573133'; Using compiler version '192829333'; Build Type 'Release'
OS: 'Windows 10 Pro; OS build 19043.1165; Version 2009; 64bit' Language: 'ru' Physical Memory: 16330 MB
BatchMode: 1, IsHumanControllingUs: 0, StartBugReporterOnCrash: 0, Is64bit: 1, IsPro: 0

COMMAND LINE ARGUMENTS:
C:\Program Files\Unity\Hub\2021.2.0b1\Editor\Unity.exe
-adb2
-batchMode
-noUpm
-name
AssetImportWorker0
-projectPath
C:/Users/Администратор.PR18/Desktop/Unity release/InfinityRoad/InfinityRoad
-logFile
Logs/AssetImportWorker0.log
-srvPort
54040
Successfully changed project path to: C:/Users/Администратор.PR18/Desktop/Unity release/InfinityRoad/InfinityRoad
C:/Users/Администратор.PR18/Desktop/Unity release/InfinityRoad/InfinityRoad
[UnityMemory] Configuration Parameters - Can be set up in boot.config
    "memorysetup-bucket-allocator-granularity=16"
    "memorysetup-bucket-allocator-bucket-count=8"
    "memorysetup-bucket-allocator-block-size=33554432"
    "memorysetup-bucket-allocator-block-count=8"
    "memorysetup-main-allocator-block-size=16777216"
    "memorysetup-thread-allocator-block-size=16777216"
    "memorysetup-gfx-main-allocator-block-size=16777216"
    "memorysetup-gfx-thread-allocator-block-size=16777216"
    "memorysetup-cache-allocator-block-size=4194304"
    "memorysetup-typetree-allocator-block-size=2097152"
    "memorysetup-profiler-bucket-allocator-granularity=16"
    "memorysetup-profiler-bucket-allocator-bucket-count=8"
    "memorysetup-profiler-bucket-allocator-block-size=33554432"
    "memorysetup-profiler-bucket-allocator-block-count=8"
    "memorysetup-profiler-allocator-block-size=16777216"
    "memorysetup-profiler-editor-allocator-block-size=1048576"
    "memorysetup-temp-allocator-size-main=16777216"
    "memorysetup-job-temp-allocator-block-size=2097152"
    "memorysetup-job-temp-allocator-block-size-background=1048576"
    "memorysetup-job-temp-allocator-reduction-small-platforms=262144"
    "memorysetup-temp-allocator-size-background-worker=32768"
    "memorysetup-temp-allocator-size-job-worker=262144"
    "memorysetup-temp-allocator-size-preload-manager=33554432"
    "memorysetup-temp-allocator-size-nav-mesh-worker=65536"
    "memorysetup-temp-allocator-size-audio-worker=65536"
    "memorysetup-temp-allocator-size-cloud-worker=32768"
    "memorysetup-temp-allocator-size-gi-baking-worker=262144"
    "memorysetup-temp-allocator-size-gfx=262144"
Refreshing native plugins compatible for Editor in 44.35 ms, found 2 plugins.
Preloading 0 native plugins for Editor in 0.00 ms.
Initialize engine version: 2021.2.0b1 (b0978dae4864)
[Subsystems] Discovering subsystems at path C:/Program Files/Unity/Hub/2021.2.0b1/Editor/Data/Resources/UnitySubsystems
[Subsystems] Discovering subsystems at path C:/Users/Администратор.PR18/Desktop/Unity release/InfinityRoad/InfinityRoad/Assets
GfxDevice: creating device client; threaded=0; jobified=0
Direct3D:
    Version:  Direct3D 11.0 [level 11.1]
    Renderer: NVIDIA GeForce GTX 1070 (ID=0x1b81)
    Vendor:   NVIDIA
    VRAM:     8088 MB
    Driver:   27.21.14.5671
Initialize mono
Mono path[0] = 'C:/Program Files/Unity/Hub/2021.2.0b1/Editor/Data/Managed'
Mono path[1] = 'C:/Program Files/Unity/Hub/2021.2.0b1/Editor/Data/MonoBleedingEdge/lib/mono/unityjit-win32'
Mono config path = 'C:/Program Files/Unity/Hub/2021.2.0b1/Editor/Data/MonoBleedingEdge/etc'
Using monoOptions --debugger-agent=transport=dt_socket,embedding=1,server=y,suspend=n,address=127.0.0.1:56420
Begin MonoManager ReloadAssembly
Registering precompiled unity dll's ...
Register platform support module: C:/Program Files/Unity/Hub/2021.2.0b1/Editor/Data/PlaybackEngines/WindowsStandaloneSupport/UnityEditor.WindowsStandalone.Extensions.dll
Registered in 0.007052 seconds.
Native extension for WindowsStandalone target not found
Refreshing native plugins compatible for Editor in 35.91 ms, found 2 plugins.
Preloading 0 native plugins for Editor in 0.00 ms.
Mono: successfully reloaded assembly
- Completed reload, in  1.136 seconds
Domain Reload Profiling:
	ReloadAssembly (1168ms)
		BeginReloadAssembly (62ms)
			ExecutionOrderSort (0ms)
			DisableScriptedObjects (0ms)
			BackupInstance (0ms)
			ReleaseScriptingObjects (0ms)
			CreateAndSetChildDomain (1ms)
		EndReloadAssembly (572ms)
			LoadAssemblies (60ms)
			RebuildTransferFunctionScriptingTraits (0ms)
			SetupTypeCache (279ms)
			ReleaseScriptCaches (0ms)
			RebuildScriptCaches (22ms)
			SetupLoadedEditorAssemblies (187ms)
				LogAssemblyErrors (0ms)
				InitializePlatformSupportModulesInManaged (7ms)
				SetLoadedEditorAssemblies (0ms)
				RefreshPlugins (36ms)
				BeforeProcessingInitializeOnLoad (1ms)
				ProcessInitializeOnLoadAttributes (97ms)
				ProcessInitializeOnLoadMethodAttributes (45ms)
				AfterProcessingInitializeOnLoad (0ms)
				EditorAssembliesLoaded (0ms)
			ExecutionOrderSort2 (0ms)
			AwakeInstancesAfterBackupRestoration (0ms)
Platform modules already initialized, skipping
Registering precompiled user dll's ...
Registered in 0.005579 seconds.
Begin MonoManager ReloadAssembly
Native extension for WindowsStandalone target not found
Refreshing native plugins compatible for Editor in 0.57 ms, found 2 plugins.
Preloading 0 native plugins for Editor in 0.00 ms.
Package Manager log level set to [2]
Mono: successfully reloaded assembly
- Completed reload, in  1.222 seconds
Domain Reload Profiling:
	ReloadAssembly (1267ms)
		BeginReloadAssembly (161ms)
			ExecutionOrderSort (0ms)
			DisableScriptedObjects (5ms)
			BackupInstance (0ms)
			ReleaseScriptingObjects (0ms)
			CreateAndSetChildDomain (22ms)
		EndReloadAssembly (1006ms)
			LoadAssemblies (64ms)
			RebuildTransferFunctionScriptingTraits (0ms)
			SetupTypeCache (322ms)
			ReleaseScriptCaches (0ms)
			RebuildScriptCaches (36ms)
			SetupLoadedEditorAssemblies (426ms)
				LogAssemblyErrors (0ms)
				InitializePlatformSupportModulesInManaged (12ms)
				SetLoadedEditorAssemblies (0ms)
				RefreshPlugins (1ms)
				BeforeProcessingInitializeOnLoad (64ms)
				ProcessInitializeOnLoadAttributes (247ms)
				ProcessInitializeOnLoadMethodAttributes (94ms)
				AfterProcessingInitializeOnLoad (8ms)
				EditorAssembliesLoaded (0ms)
			ExecutionOrderSort2 (0ms)
			AwakeInstancesAfterBackupRestoration (6ms)
Platform modules already initialized, skipping
========================================================================
Worker process is ready to serve import requests
Launched and connected shader compiler UnityShaderCompiler.exe after 0.04 seconds
Refreshing native plugins compatible for Editor in 0.63 ms, found 2 plugins.
Preloading 0 native plugins for Editor in 0.00 ms.
Unloading 1982 Unused Serialized files (Serialized files now loaded: 0)
Unloading 58 unused Assets / (60.3 KB). Loaded Objects now: 2418.
Memory consumption went from 84.5 MB to 84.4 MB.
Total: 5.634800 ms (FindLiveObjects: 0.275900 ms CreateObjectMapping: 0.150200 ms MarkObjects: 5.116000 ms  DeleteObjects: 0.091500 ms)

AssetImportParameters requested are different than current active one (requested -> active):
  custom:framework-win-MediaFoundation: 216162199b28c13a410421893ffa2e32 -> 
  custom:video-decoder-ogg-theora: a1e56fd34408186e4bbccfd4996cb3dc -> 
  custom:container-muxer-webm: aa71ff27fc2769a1b78a27578f13a17b -> 
  custom:container-demuxer-webm: 4f35f7cbe854078d1ac9338744f61a02 -> 
  custom:video-encoder-webm-vp8: eb34c28f22e8b96e1ab97ce403110664 -> 
  custom:video-codec-MediaFoundation-h265: 746d11721c4dcdbdad8f713fa42b33f4 -> 
  custom:container-demuxer-ogg: 62fdf1f143b41e24485cea50d1cbac27 -> 
  custom:audio-decoder-ogg-vorbis: bf7c407c2cedff20999df2af8eb42d56 -> 
  custom:video-decoder-webm-vp8: 9c59270c3fd7afecdb556c50c9e8de78 -> 
  custom:audio-encoder-webm-vorbis: bf7c407c2cedff20999df2af8eb42d56 -> 
========================================================================
Received Import Request.
  Time since last request: 1034275.956374 seconds.
  path: Assets/Scripts/StatusManager.cs
  artifactKey: Guid(d7bb1fac1f5b4ff4f97db2a02fb734f6) Importer(815301076,1909f56bfc062723c751e8b465ee728b)
Start importing Assets/Scripts/StatusManager.cs using Guid(d7bb1fac1f5b4ff4f97db2a02fb734f6) Importer(815301076,1909f56bfc062723c751e8b465ee728b)  -> (artifact id: 'c0d655c29fbd41fc5200b3b80c16e94e') in 0.043213 seconds 
========================================================================
Received Import Request.
  Time since last request: 1.098101 seconds.
  path: Assets/Scripts/HP.cs
  artifactKey: Guid(655ed5b13ce5ca3449a4ffc05565c763) Importer(815301076,1909f56bfc062723c751e8b465ee728b)
Start importing Assets/Scripts/HP.cs using Guid(655ed5b13ce5ca3449a4ffc05565c763) Importer(815301076,1909f56bfc062723c751e8b465ee728b)  -> (artifact id: '3a0bc06b72283cff697835281634a1fb') in 0.007617 seconds 
========================================================================
Received Import Request.
  Time since last request: 3.633609 seconds.
  path: Assets/Scripts/Game.cs
  artifactKey: Guid(8001a3a3f1632c441879ae54caaf2398) Importer(815301076,1909f56bfc062723c751e8b465ee728b)
Start importing Assets/Scripts/Game.cs using Guid(8001a3a3f1632c441879ae54caaf2398) Importer(815301076,1909f56bfc062723c751e8b465ee728b)  -> (artifact id: 'd6be495cb14b6a052954ea7e76056808') in 0.007042 seconds 
========================================================================
Received Import Request.
  Time since last request: 28.462938 seconds.
  path: Assets/Scripts/Borders.cs
  artifactKey: Guid(64049fb6190a6124badf59e580ff233c) Importer(815301076,1909f56bfc062723c751e8b465ee728b)
Start importing Assets/Scripts/Borders.cs using Guid(64049fb6190a6124badf59e580ff233c) Importer(815301076,1909f56bfc062723c751e8b465ee728b)  -> (artifact id: '745d22b19ce6b13f7c0f92d1008177b7') in 0.005449 seconds 
========================================================================
Received Import Request.
  Time since last request: 4.518427 seconds.
  path: Assets/Scripts/Wall.cs
  artifactKey: Guid(736c486111f6aaf44a5af9a4ab1e0276) Importer(815301076,1909f56bfc062723c751e8b465ee728b)
Start importing Assets/Scripts/Wall.cs using Guid(736c486111f6aaf44a5af9a4ab1e0276) Importer(815301076,1909f56bfc062723c751e8b465ee728b)  -> (artifact id: 'd141a217d547943263971fb48822d737') in 0.006457 seconds 
========================================================================
Received Import Request.
  Time since last request: 6.360882 seconds.
  path: Assets/Scripts/Player.cs
  artifactKey: Guid(04c9bc0671e230c4eaa1aef32126a7bc) Importer(815301076,1909f56bfc062723c751e8b465ee728b)
Start importing Assets/Scripts/Player.cs using Guid(04c9bc0671e230c4eaa1aef32126a7bc) Importer(815301076,1909f56bfc062723c751e8b465ee728b)  -> (artifact id: '4176590c1dd602e0246d2586cf11dc70') in 0.006978 seconds 
========================================================================
Received Import Request.
  Time since last request: 20.580159 seconds.
  path: Assets/Scripts/Plane.cs
  artifactKey: Guid(a4f76137fe96a2b4f9e2354acced0a24) Importer(815301076,1909f56bfc062723c751e8b465ee728b)
Start importing Assets/Scripts/Plane.cs using Guid(a4f76137fe96a2b4f9e2354acced0a24) Importer(815301076,1909f56bfc062723c751e8b465ee728b)  -> (artifact id: 'f5b18c3e304e540465b090ba99a93cba') in 0.005716 seconds 
========================================================================
Received Import Request.
  Time since last request: 0.648274 seconds.
  path: Assets/Scripts/Panel.cs
  artifactKey: Guid(c19de9565b1627a49b3947db84316449) Importer(815301076,1909f56bfc062723c751e8b465ee728b)
Start importing Assets/Scripts/Panel.cs using Guid(c19de9565b1627a49b3947db84316449) Importer(815301076,1909f56bfc062723c751e8b465ee728b)  -> (artifact id: '64a23df195dfb789e4241dddd7330b53') in 0.006865 seconds 
========================================================================
Received Import Request.
  Time since last request: 3928.260967 seconds.
  path: Assets/Prefabs/Wall.prefab
  artifactKey: Guid(fd6dd7ab5b11ea1419089c2cb85bae51) Importer(815301076,1909f56bfc062723c751e8b465ee728b)
Start importing Assets/Prefabs/Wall.prefab using Guid(fd6dd7ab5b11ea1419089c2cb85bae51) Importer(815301076,1909f56bfc062723c751e8b465ee728b)  -> (artifact id: 'b2bf1702ad9478c4401078d48da86844') in 0.096965 seconds 
========================================================================
Received Import Request.
  Time since last request: 223.552296 seconds.
  path: Assets/Prefabs/Border.prefab
  artifactKey: Guid(509856fce921e32499e8d6017f60cfad) Importer(815301076,1909f56bfc062723c751e8b465ee728b)
Start importing Assets/Prefabs/Border.prefab using Guid(509856fce921e32499e8d6017f60cfad) Importer(815301076,1909f56bfc062723c751e8b465ee728b)  -> (artifact id: '432ab623fa3d64840b74407b6196c069') in 0.014987 seconds 
========================================================================
Received Import Request.
  Time since last request: 0.000019 seconds.
  path: Assets/Prefabs/Wall.prefab
  artifactKey: Guid(fd6dd7ab5b11ea1419089c2cb85bae51) Importer(815301076,1909f56bfc062723c751e8b465ee728b)
Start importing Assets/Prefabs/Wall.prefab using Guid(fd6dd7ab5b11ea1419089c2cb85bae51) Importer(815301076,1909f56bfc062723c751e8b465ee728b)  -> (artifact id: '45e64034175e94eec46dce4b3b363722') in 0.010308 seconds 
========================================================================
Received Import Request.
  Time since last request: 82.217008 seconds.
  path: Assets/Scenes/SampleScene.unity
  artifactKey: Guid(9fc0d4010bbf28b4594072e72b8655ab) Importer(815301076,1909f56bfc062723c751e8b465ee728b)
Start importing Assets/Scenes/SampleScene.unity using Guid(9fc0d4010bbf28b4594072e72b8655ab) Importer(815301076,1909f56bfc062723c751e8b465ee728b)  -> (artifact id: '16101ed8f9464ee04e65dcf640109bf6') in 0.007546 seconds 
========================================================================
Received Prepare
Registering precompiled user dll's ...
Registered in 0.006883 seconds.
Begin MonoManager ReloadAssembly
Native extension for WindowsStandalone target not found
Refreshing native plugins compatible for Editor in 0.84 ms, found 2 plugins.
Preloading 0 native plugins for Editor in 0.00 ms.
Mono: successfully reloaded assembly
- Completed reload, in  1.174 seconds
Domain Reload Profiling:
	ReloadAssembly (1218ms)
		BeginReloadAssembly (125ms)
			ExecutionOrderSort (0ms)
			DisableScriptedObjects (6ms)
			BackupInstance (0ms)
			ReleaseScriptingObjects (0ms)
			CreateAndSetChildDomain (47ms)
		EndReloadAssembly (1001ms)
			LoadAssemblies (63ms)
			RebuildTransferFunctionScriptingTraits (0ms)
			SetupTypeCache (314ms)
			ReleaseScriptCaches (1ms)
			RebuildScriptCaches (29ms)
			SetupLoadedEditorAssemblies (407ms)
				LogAssemblyErrors (0ms)
				InitializePlatformSupportModulesInManaged (14ms)
				SetLoadedEditorAssemblies (0ms)
				RefreshPlugins (1ms)
				BeforeProcessingInitializeOnLoad (61ms)
				ProcessInitializeOnLoadAttributes (237ms)
				ProcessInitializeOnLoadMethodAttributes (85ms)
				AfterProcessingInitializeOnLoad (8ms)
				EditorAssembliesLoaded (0ms)
			ExecutionOrderSort2 (0ms)
			AwakeInstancesAfterBackupRestoration (6ms)
Platform modules already initialized, skipping
Refreshing native plugins compatible for Editor in 0.57 ms, found 2 plugins.
Preloading 0 native plugins for Editor in 0.00 ms.
Unloading 1976 Unused Serialized files (Serialized files now loaded: 0)
Unloading 49 unused Assets / (25.6 KB). Loaded Objects now: 2428.
Memory consumption went from 88.1 MB to 88.1 MB.
Total: 5.084000 ms (FindLiveObjects: 0.175000 ms CreateObjectMapping: 0.093100 ms MarkObjects: 4.787600 ms  DeleteObjects: 0.027000 ms)

AssetImportParameters requested are different than current active one (requested -> active):
  custom:framework-win-MediaFoundation: 216162199b28c13a410421893ffa2e32 -> 
  custom:video-decoder-ogg-theora: a1e56fd34408186e4bbccfd4996cb3dc -> 
  custom:container-muxer-webm: aa71ff27fc2769a1b78a27578f13a17b -> 
  custom:container-demuxer-webm: 4f35f7cbe854078d1ac9338744f61a02 -> 
  custom:video-encoder-webm-vp8: eb34c28f22e8b96e1ab97ce403110664 -> 
  custom:video-codec-MediaFoundation-h265: 746d11721c4dcdbdad8f713fa42b33f4 -> 
  custom:container-demuxer-ogg: 62fdf1f143b41e24485cea50d1cbac27 -> 
  custom:audio-decoder-ogg-vorbis: bf7c407c2cedff20999df2af8eb42d56 -> 
  custom:video-decoder-webm-vp8: 9c59270c3fd7afecdb556c50c9e8de78 -> 
  custom:audio-encoder-webm-vorbis: bf7c407c2cedff20999df2af8eb42d56 -> 
========================================================================
Received Import Request.
  Time since last request: 10.469471 seconds.
  path: Assets/Scenes/GameScene.unity
  artifactKey: Guid(9fc0d4010bbf28b4594072e72b8655ab) Importer(815301076,1909f56bfc062723c751e8b465ee728b)
Start importing Assets/Scenes/GameScene.unity using Guid(9fc0d4010bbf28b4594072e72b8655ab) Importer(815301076,1909f56bfc062723c751e8b465ee728b)  -> (artifact id: '78047423ebb6929de338ede7ac1dd767') in 0.013856 seconds 
========================================================================
Received Import Request.
  Time since last request: 96.318306 seconds.
  path: Assets/Scripts
  artifactKey: Guid(fd570e80070ed5f48a0b64942fbf1b08) Importer(815301076,1909f56bfc062723c751e8b465ee728b)
Start importing Assets/Scripts using Guid(fd570e80070ed5f48a0b64942fbf1b08) Importer(815301076,1909f56bfc062723c751e8b465ee728b)  -> (artifact id: '9d8c8ae3829fe651db92096030d0e60b') in 0.007538 seconds 
========================================================================
Received Import Request.
  Time since last request: 8.444510 seconds.
  path: Assets/Scripts/HUDManager.cs
  artifactKey: Guid(441735093ddc07f4ca884ca78ec49c2c) Importer(815301076,1909f56bfc062723c751e8b465ee728b)
Start importing Assets/Scripts/HUDManager.cs using Guid(441735093ddc07f4ca884ca78ec49c2c) Importer(815301076,1909f56bfc062723c751e8b465ee728b)  -> (artifact id: 'e707af66b581a7d5f48df558acfa8c99') in 0.006531 seconds 
========================================================================
Received Prepare
Registering precompiled user dll's ...
Registered in 0.005184 seconds.
Begin MonoManager ReloadAssembly
Native extension for WindowsStandalone target not found
Refreshing native plugins compatible for Editor in 0.79 ms, found 2 plugins.
Preloading 0 native plugins for Editor in 0.00 ms.
Mono: successfully reloaded assembly
- Completed reload, in  1.165 seconds
Domain Reload Profiling:
	ReloadAssembly (1210ms)
		BeginReloadAssembly (115ms)
			ExecutionOrderSort (0ms)
			DisableScriptedObjects (7ms)
			BackupInstance (0ms)
			ReleaseScriptingObjects (0ms)
			CreateAndSetChildDomain (38ms)
		EndReloadAssembly (997ms)
			LoadAssemblies (63ms)
			RebuildTransferFunctionScriptingTraits (0ms)
			SetupTypeCache (330ms)
			ReleaseScriptCaches (1ms)
			RebuildScriptCaches (32ms)
			SetupLoadedEditorAssemblies (406ms)
				LogAssemblyErrors (0ms)
				InitializePlatformSupportModulesInManaged (14ms)
				SetLoadedEditorAssemblies (0ms)
				RefreshPlugins (1ms)
				BeforeProcessingInitializeOnLoad (56ms)
				ProcessInitializeOnLoadAttributes (239ms)
				ProcessInitializeOnLoadMethodAttributes (86ms)
				AfterProcessingInitializeOnLoad (10ms)
				EditorAssembliesLoaded (0ms)
			ExecutionOrderSort2 (0ms)
			AwakeInstancesAfterBackupRestoration (7ms)
Platform modules already initialized, skipping
Refreshing native plugins compatible for Editor in 0.56 ms, found 2 plugins.
Preloading 0 native plugins for Editor in 0.00 ms.
Unloading 1977 Unused Serialized files (Serialized files now loaded: 0)
Unloading 49 unused Assets / (25.6 KB). Loaded Objects now: 2432.
Memory consumption went from 88.2 MB to 88.1 MB.
Total: 5.277300 ms (FindLiveObjects: 0.176300 ms CreateObjectMapping: 0.084000 ms MarkObjects: 4.989500 ms  DeleteObjects: 0.026400 ms)

AssetImportParameters requested are different than current active one (requested -> active):
  custom:framework-win-MediaFoundation: 216162199b28c13a410421893ffa2e32 -> 
  custom:video-decoder-ogg-theora: a1e56fd34408186e4bbccfd4996cb3dc -> 
  custom:container-muxer-webm: aa71ff27fc2769a1b78a27578f13a17b -> 
  custom:container-demuxer-webm: 4f35f7cbe854078d1ac9338744f61a02 -> 
  custom:video-encoder-webm-vp8: eb34c28f22e8b96e1ab97ce403110664 -> 
  custom:video-codec-MediaFoundation-h265: 746d11721c4dcdbdad8f713fa42b33f4 -> 
  custom:container-demuxer-ogg: 62fdf1f143b41e24485cea50d1cbac27 -> 
  custom:audio-decoder-ogg-vorbis: bf7c407c2cedff20999df2af8eb42d56 -> 
  custom:video-decoder-webm-vp8: 9c59270c3fd7afecdb556c50c9e8de78 -> 
  custom:audio-encoder-webm-vorbis: bf7c407c2cedff20999df2af8eb42d56 -> 
